Start testing: Feb 17 13:31 MST
----------------------------------------------------------
1/4 Testing: test_tensor
1/4 Test: test_tensor
Command: "/Users/adrian/Documents/autoencoder-from-scratch/build/test_tensor"
Directory: /Users/adrian/Documents/autoencoder-from-scratch/build
"test_tensor" start time: Feb 17 13:31 MST
Output:
----------------------------------------------------------
Running tensor tests...
  PASS: construction
  PASS: element access
  PASS: matmul
  PASS: transpose
  PASS: add with broadcast
  PASS: elementwise ops
  PASS: in-place ops
  PASS: randn
  PASS: save/load round-trip
All tensor tests passed!
<end of output>
Test time =   0.40 sec
----------------------------------------------------------
Test Passed.
"test_tensor" end time: Feb 17 13:31 MST
"test_tensor" time elapsed: 00:00:00
----------------------------------------------------------

2/4 Testing: test_dense
2/4 Test: test_dense
Command: "/Users/adrian/Documents/autoencoder-from-scratch/build/test_dense"
Directory: /Users/adrian/Documents/autoencoder-from-scratch/build
"test_dense" start time: Feb 17 13:31 MST
Output:
----------------------------------------------------------
Running dense layer tests...
  PASS: dense forward
  PASS: dense backward
  PASS: dense gradient check
All dense tests passed!
<end of output>
Test time =   0.26 sec
----------------------------------------------------------
Test Passed.
"test_dense" end time: Feb 17 13:31 MST
"test_dense" time elapsed: 00:00:00
----------------------------------------------------------

3/4 Testing: test_activations
3/4 Test: test_activations
Command: "/Users/adrian/Documents/autoencoder-from-scratch/build/test_activations"
Directory: /Users/adrian/Documents/autoencoder-from-scratch/build
"test_activations" start time: Feb 17 13:31 MST
Output:
----------------------------------------------------------
Running activation tests...
  PASS: relu forward
  PASS: relu backward
  PASS: relu gradient check
  PASS: sigmoid forward
  PASS: sigmoid backward
  PASS: sigmoid gradient check
  PASS: sigmoid numerical stability
All activation tests passed!
<end of output>
Test time =   0.37 sec
----------------------------------------------------------
Test Passed.
"test_activations" end time: Feb 17 13:31 MST
"test_activations" time elapsed: 00:00:00
----------------------------------------------------------

4/4 Testing: test_network
4/4 Test: test_network
Command: "/Users/adrian/Documents/autoencoder-from-scratch/build/test_network"
Directory: /Users/adrian/Documents/autoencoder-from-scratch/build
"test_network" start time: Feb 17 13:31 MST
Output:
----------------------------------------------------------
Running network tests...
  PASS: network forward/backward
  PASS: MSE loss
  PASS: MSE gradient check
  PASS: zero gradients
  PASS: tiny autoencoder convergence (loss: 0.055000 -> 0.000706)
  PASS: model save/load round-trip
All network tests passed!
<end of output>
Test time =   0.23 sec
----------------------------------------------------------
Test Passed.
"test_network" end time: Feb 17 13:31 MST
"test_network" time elapsed: 00:00:00
----------------------------------------------------------

End testing: Feb 17 13:31 MST
